2023-03-13 09:35:05
Full thread dump OpenJDK 64-Bit Server VM (11.0.8+10 mixed mode):

Threads class SMR info:
_java_thread_list=0x0000600003dbfc80, length=47, elements={
0x00007fc6c3034800, 0x00007fc6c3039800, 0x00007fc6c400a800, 0x00007fc6c400d800,
0x00007fc6bf829000, 0x00007fc6c103c000, 0x00007fc6c400e000, 0x00007fc6c3035000,
0x00007fc6c0d33800, 0x00007fc6c0e66800, 0x00007fc6c400f000, 0x00007fc6c39ca800,
0x00007fc6c0eb5800, 0x00007fc6c0de8800, 0x00007fc6c0f49800, 0x00007fc6c8073800,
0x00007fc6c404e800, 0x00007fc6c8057000, 0x00007fc6c810d800, 0x00007fc6c0de3800,
0x00007fc6c0e37800, 0x00007fc6c8066000, 0x00007fc6c37ff000, 0x00007fc6c3b0c000,
0x00007fc6c4066800, 0x00007fc6c4053000, 0x00007fc6c34dc000, 0x00007fc6c40d9800,
0x00007fc6c11cb800, 0x00007fc6c0d67000, 0x00007fc6c8131800, 0x00007fc6c3b0d000,
0x00007fc6bfa7c000, 0x00007fc6c34f1000, 0x00007fc6c11f1800, 0x00007fc6c825e800,
0x00007fc6c826f800, 0x00007fc6c0d2f800, 0x00007fc6c0db1800, 0x00007fc6c0ccd800,
0x00007fc6c34df800, 0x00007fc6ca7fd800, 0x00007fc6bfda7800, 0x00007fc6c13b9000,
0x00007fc6c11c4800, 0x00007fc6ca7ff800, 0x00007fc6ca0a8800
}

"Reference Handler" #2 daemon prio=10 os_prio=31 cpu=1.74ms elapsed=61.96s tid=0x00007fc6c3034800 nid=0x4403 waiting on condition  [0x00007000019f5000]
   java.lang.Thread.State: RUNNABLE
	at java.lang.ref.Reference.waitForReferencePendingList(java.base@11.0.8/Native Method)
	at java.lang.ref.Reference.processPendingReferences(java.base@11.0.8/Reference.java:241)
	at java.lang.ref.Reference$ReferenceHandler.run(java.base@11.0.8/Reference.java:213)

"Finalizer" #3 daemon prio=8 os_prio=31 cpu=0.56ms elapsed=61.96s tid=0x00007fc6c3039800 nid=0x4603 in Object.wait()  [0x0000700001af8000]
   java.lang.Thread.State: WAITING (on object monitor)
	at java.lang.Object.wait(java.base@11.0.8/Native Method)
	- waiting on <0x000000078010a3f8> (a java.lang.ref.ReferenceQueue$Lock)
	at java.lang.ref.ReferenceQueue.remove(java.base@11.0.8/ReferenceQueue.java:155)
	- waiting to re-lock in wait() <0x000000078010a3f8> (a java.lang.ref.ReferenceQueue$Lock)
	at java.lang.ref.ReferenceQueue.remove(java.base@11.0.8/ReferenceQueue.java:176)
	at java.lang.ref.Finalizer$FinalizerThread.run(java.base@11.0.8/Finalizer.java:170)

"Signal Dispatcher" #4 daemon prio=9 os_prio=31 cpu=0.21ms elapsed=61.94s tid=0x00007fc6c400a800 nid=0x5703 runnable  [0x0000000000000000]
   java.lang.Thread.State: RUNNABLE

"C2 CompilerThread0" #5 daemon prio=9 os_prio=31 cpu=4388.90ms elapsed=61.94s tid=0x00007fc6c400d800 nid=0x5903 waiting on condition  [0x0000000000000000]
   java.lang.Thread.State: RUNNABLE
   No compile task

"C1 CompilerThread0" #8 daemon prio=9 os_prio=31 cpu=1068.50ms elapsed=61.94s tid=0x00007fc6bf829000 nid=0x7c03 waiting on condition  [0x0000000000000000]
   java.lang.Thread.State: RUNNABLE
   No compile task

"Sweeper thread" #9 daemon prio=9 os_prio=31 cpu=25.79ms elapsed=61.94s tid=0x00007fc6c103c000 nid=0x5c03 runnable  [0x0000000000000000]
   java.lang.Thread.State: RUNNABLE

"Service Thread" #10 daemon prio=9 os_prio=31 cpu=0.06ms elapsed=61.92s tid=0x00007fc6c400e000 nid=0x7a03 runnable  [0x0000000000000000]
   java.lang.Thread.State: RUNNABLE

"Common-Cleaner" #11 daemon prio=8 os_prio=31 cpu=2.78ms elapsed=61.91s tid=0x00007fc6c3035000 nid=0x7803 in Object.wait()  [0x0000700002313000]
   java.lang.Thread.State: TIMED_WAITING (on object monitor)
	at java.lang.Object.wait(java.base@11.0.8/Native Method)
	- waiting on <0x0000000780109ea0> (a java.lang.ref.ReferenceQueue$Lock)
	at java.lang.ref.ReferenceQueue.remove(java.base@11.0.8/ReferenceQueue.java:155)
	- waiting to re-lock in wait() <0x0000000780109ea0> (a java.lang.ref.ReferenceQueue$Lock)
	at jdk.internal.ref.CleanerImpl.run(java.base@11.0.8/CleanerImpl.java:148)
	at java.lang.Thread.run(java.base@11.0.8/Thread.java:834)
	at jdk.internal.misc.InnocuousThread.run(java.base@11.0.8/InnocuousThread.java:134)

"Log4j2-TF-3-Scheduled-1" #13 daemon prio=5 os_prio=31 cpu=2.54ms elapsed=60.91s tid=0x00007fc6c0d33800 nid=0xa903 waiting on condition  [0x0000700002f37000]
   java.lang.Thread.State: WAITING (parking)
	at jdk.internal.misc.Unsafe.park(java.base@11.0.8/Native Method)
	- parking to wait for  <0x0000000788fa02e0> (a java.util.concurrent.locks.AbstractQueuedSynchronizer$ConditionObject)
	at java.util.concurrent.locks.LockSupport.park(java.base@11.0.8/LockSupport.java:194)
	at java.util.concurrent.locks.AbstractQueuedSynchronizer$ConditionObject.await(java.base@11.0.8/AbstractQueuedSynchronizer.java:2081)
	at java.util.concurrent.ScheduledThreadPoolExecutor$DelayedWorkQueue.take(java.base@11.0.8/ScheduledThreadPoolExecutor.java:1177)
	at java.util.concurrent.ScheduledThreadPoolExecutor$DelayedWorkQueue.take(java.base@11.0.8/ScheduledThreadPoolExecutor.java:899)
	at java.util.concurrent.ThreadPoolExecutor.getTask(java.base@11.0.8/ThreadPoolExecutor.java:1054)
	at java.util.concurrent.ThreadPoolExecutor.runWorker(java.base@11.0.8/ThreadPoolExecutor.java:1114)
	at java.util.concurrent.ThreadPoolExecutor$Worker.run(java.base@11.0.8/ThreadPoolExecutor.java:628)
	at java.lang.Thread.run(java.base@11.0.8/Thread.java:834)

"Log4j2-TF-3-Scheduled-2" #14 daemon prio=5 os_prio=31 cpu=0.68ms elapsed=60.89s tid=0x00007fc6c0e66800 nid=0x8303 waiting on condition  [0x000070000303a000]
   java.lang.Thread.State: WAITING (parking)
	at jdk.internal.misc.Unsafe.park(java.base@11.0.8/Native Method)
	- parking to wait for  <0x0000000788fa02e0> (a java.util.concurrent.locks.AbstractQueuedSynchronizer$ConditionObject)
	at java.util.concurrent.locks.LockSupport.park(java.base@11.0.8/LockSupport.java:194)
	at java.util.concurrent.locks.AbstractQueuedSynchronizer$ConditionObject.await(java.base@11.0.8/AbstractQueuedSynchronizer.java:2081)
	at java.util.concurrent.ScheduledThreadPoolExecutor$DelayedWorkQueue.take(java.base@11.0.8/ScheduledThreadPoolExecutor.java:1177)
	at java.util.concurrent.ScheduledThreadPoolExecutor$DelayedWorkQueue.take(java.base@11.0.8/ScheduledThreadPoolExecutor.java:899)
	at java.util.concurrent.ThreadPoolExecutor.getTask(java.base@11.0.8/ThreadPoolExecutor.java:1054)
	at java.util.concurrent.ThreadPoolExecutor.runWorker(java.base@11.0.8/ThreadPoolExecutor.java:1114)
	at java.util.concurrent.ThreadPoolExecutor$Worker.run(java.base@11.0.8/ThreadPoolExecutor.java:628)
	at java.lang.Thread.run(java.base@11.0.8/Thread.java:834)

"Log4j2-TF-3-Scheduled-3" #15 daemon prio=5 os_prio=31 cpu=3.79ms elapsed=60.89s tid=0x00007fc6c400f000 nid=0xa603 waiting on condition  [0x000070000313d000]
   java.lang.Thread.State: TIMED_WAITING (parking)
	at jdk.internal.misc.Unsafe.park(java.base@11.0.8/Native Method)
	- parking to wait for  <0x0000000788fa02e0> (a java.util.concurrent.locks.AbstractQueuedSynchronizer$ConditionObject)
	at java.util.concurrent.locks.LockSupport.parkNanos(java.base@11.0.8/LockSupport.java:234)
	at java.util.concurrent.locks.AbstractQueuedSynchronizer$ConditionObject.awaitNanos(java.base@11.0.8/AbstractQueuedSynchronizer.java:2123)
	at java.util.concurrent.ScheduledThreadPoolExecutor$DelayedWorkQueue.take(java.base@11.0.8/ScheduledThreadPoolExecutor.java:1182)
	at java.util.concurrent.ScheduledThreadPoolExecutor$DelayedWorkQueue.take(java.base@11.0.8/ScheduledThreadPoolExecutor.java:899)
	at java.util.concurrent.ThreadPoolExecutor.getTask(java.base@11.0.8/ThreadPoolExecutor.java:1054)
	at java.util.concurrent.ThreadPoolExecutor.runWorker(java.base@11.0.8/ThreadPoolExecutor.java:1114)
	at java.util.concurrent.ThreadPoolExecutor$Worker.run(java.base@11.0.8/ThreadPoolExecutor.java:628)
	at java.lang.Thread.run(java.base@11.0.8/Thread.java:834)

"ActiveMQ Artemis Server Shutdown Timer" #16 daemon prio=5 os_prio=31 cpu=15.29ms elapsed=60.80s tid=0x00007fc6c39ca800 nid=0x8603 in Object.wait()  [0x0000700003240000]
   java.lang.Thread.State: TIMED_WAITING (on object monitor)
	at java.lang.Object.wait(java.base@11.0.8/Native Method)
	- waiting on <0x0000000788fa0730> (a java.util.TaskQueue)
	at java.util.TimerThread.mainLoop(java.base@11.0.8/Timer.java:553)
	- waiting to re-lock in wait() <0x0000000788fa0730> (a java.util.TaskQueue)
	at java.util.TimerThread.run(java.base@11.0.8/Timer.java:506)

"Thread-0 (-scheduled-threads)" #18 prio=5 os_prio=31 cpu=0.40ms elapsed=60.41s tid=0x00007fc6c0eb5800 nid=0xa303 waiting on condition  [0x0000700003343000]
   java.lang.Thread.State: TIMED_WAITING (parking)
	at jdk.internal.misc.Unsafe.park(java.base@11.0.8/Native Method)
	- parking to wait for  <0x0000000788fb76e8> (a java.util.concurrent.locks.AbstractQueuedSynchronizer$ConditionObject)
	at java.util.concurrent.locks.LockSupport.parkNanos(java.base@11.0.8/LockSupport.java:234)
	at java.util.concurrent.locks.AbstractQueuedSynchronizer$ConditionObject.awaitNanos(java.base@11.0.8/AbstractQueuedSynchronizer.java:2123)
	at java.util.concurrent.ScheduledThreadPoolExecutor$DelayedWorkQueue.take(java.base@11.0.8/ScheduledThreadPoolExecutor.java:1182)
	at java.util.concurrent.ScheduledThreadPoolExecutor$DelayedWorkQueue.take(java.base@11.0.8/ScheduledThreadPoolExecutor.java:899)
	at java.util.concurrent.ThreadPoolExecutor.getTask(java.base@11.0.8/ThreadPoolExecutor.java:1054)
	at java.util.concurrent.ThreadPoolExecutor.runWorker(java.base@11.0.8/ThreadPoolExecutor.java:1114)
	at java.util.concurrent.ThreadPoolExecutor$Worker.run(java.base@11.0.8/ThreadPoolExecutor.java:628)
	at org.apache.activemq.artemis.utils.ActiveMQThreadFactory$1.run(ActiveMQThreadFactory.java:118)

"activemq-buffer-timeout" #19 prio=5 os_prio=31 cpu=2.42ms elapsed=60.20s tid=0x00007fc6c0de8800 nid=0x8a03 waiting on condition  [0x0000700003446000]
   java.lang.Thread.State: WAITING (parking)
	at jdk.internal.misc.Unsafe.park(java.base@11.0.8/Native Method)
	- parking to wait for  <0x0000000782a478b0> (a java.util.concurrent.Semaphore$NonfairSync)
	at java.util.concurrent.locks.LockSupport.park(java.base@11.0.8/LockSupport.java:194)
	at java.util.concurrent.locks.AbstractQueuedSynchronizer.parkAndCheckInterrupt(java.base@11.0.8/AbstractQueuedSynchronizer.java:885)
	at java.util.concurrent.locks.AbstractQueuedSynchronizer.doAcquireSharedInterruptibly(java.base@11.0.8/AbstractQueuedSynchronizer.java:1039)
	at java.util.concurrent.locks.AbstractQueuedSynchronizer.acquireSharedInterruptibly(java.base@11.0.8/AbstractQueuedSynchronizer.java:1345)
	at java.util.concurrent.Semaphore.acquire(java.base@11.0.8/Semaphore.java:318)
	at org.apache.activemq.artemis.core.io.buffer.TimedBuffer$CheckTimer.run(TimedBuffer.java:469)
	at java.lang.Thread.run(java.base@11.0.8/Thread.java:834)

"Thread-0 (ActiveMQ-scheduled-threads)" #20 prio=5 os_prio=31 cpu=15.28ms elapsed=60.20s tid=0x00007fc6c0f49800 nid=0x8d03 waiting on condition  [0x0000700003549000]
   java.lang.Thread.State: WAITING (parking)
	at jdk.internal.misc.Unsafe.park(java.base@11.0.8/Native Method)
	- parking to wait for  <0x0000000788fa0978> (a java.util.concurrent.locks.AbstractQueuedSynchronizer$ConditionObject)
	at java.util.concurrent.locks.LockSupport.park(java.base@11.0.8/LockSupport.java:194)
	at java.util.concurrent.locks.AbstractQueuedSynchronizer$ConditionObject.await(java.base@11.0.8/AbstractQueuedSynchronizer.java:2081)
	at java.util.concurrent.ScheduledThreadPoolExecutor$DelayedWorkQueue.take(java.base@11.0.8/ScheduledThreadPoolExecutor.java:1177)
	at java.util.concurrent.ScheduledThreadPoolExecutor$DelayedWorkQueue.take(java.base@11.0.8/ScheduledThreadPoolExecutor.java:899)
	at java.util.concurrent.ThreadPoolExecutor.getTask(java.base@11.0.8/ThreadPoolExecutor.java:1054)
	at java.util.concurrent.ThreadPoolExecutor.runWorker(java.base@11.0.8/ThreadPoolExecutor.java:1114)
	at java.util.concurrent.ThreadPoolExecutor$Worker.run(java.base@11.0.8/ThreadPoolExecutor.java:628)
	at org.apache.activemq.artemis.utils.ActiveMQThreadFactory$1.run(ActiveMQThreadFactory.java:118)

"Thread-1 (ActiveMQ-scheduled-threads)" #21 prio=5 os_prio=31 cpu=16.72ms elapsed=60.20s tid=0x00007fc6c8073800 nid=0xa103 waiting on condition  [0x000070000364c000]
   java.lang.Thread.State: TIMED_WAITING (parking)
	at jdk.internal.misc.Unsafe.park(java.base@11.0.8/Native Method)
	- parking to wait for  <0x0000000788fa0978> (a java.util.concurrent.locks.AbstractQueuedSynchronizer$ConditionObject)
	at java.util.concurrent.locks.LockSupport.parkNanos(java.base@11.0.8/LockSupport.java:234)
	at java.util.concurrent.locks.AbstractQueuedSynchronizer$ConditionObject.awaitNanos(java.base@11.0.8/AbstractQueuedSynchronizer.java:2123)
	at java.util.concurrent.ScheduledThreadPoolExecutor$DelayedWorkQueue.take(java.base@11.0.8/ScheduledThreadPoolExecutor.java:1182)
	at java.util.concurrent.ScheduledThreadPoolExecutor$DelayedWorkQueue.take(java.base@11.0.8/ScheduledThreadPoolExecutor.java:899)
	at java.util.concurrent.ThreadPoolExecutor.getTask(java.base@11.0.8/ThreadPoolExecutor.java:1054)
	at java.util.concurrent.ThreadPoolExecutor.runWorker(java.base@11.0.8/ThreadPoolExecutor.java:1114)
	at java.util.concurrent.ThreadPoolExecutor$Worker.run(java.base@11.0.8/ThreadPoolExecutor.java:628)
	at org.apache.activemq.artemis.utils.ActiveMQThreadFactory$1.run(ActiveMQThreadFactory.java:118)

"Thread-2 (ActiveMQ-scheduled-threads)" #22 prio=5 os_prio=31 cpu=12.57ms elapsed=60.20s tid=0x00007fc6c404e800 nid=0xa003 waiting on condition  [0x000070000374f000]
   java.lang.Thread.State: WAITING (parking)
	at jdk.internal.misc.Unsafe.park(java.base@11.0.8/Native Method)
	- parking to wait for  <0x0000000788fa0978> (a java.util.concurrent.locks.AbstractQueuedSynchronizer$ConditionObject)
	at java.util.concurrent.locks.LockSupport.park(java.base@11.0.8/LockSupport.java:194)
	at java.util.concurrent.locks.AbstractQueuedSynchronizer$ConditionObject.await(java.base@11.0.8/AbstractQueuedSynchronizer.java:2081)
	at java.util.concurrent.ScheduledThreadPoolExecutor$DelayedWorkQueue.take(java.base@11.0.8/ScheduledThreadPoolExecutor.java:1177)
	at java.util.concurrent.ScheduledThreadPoolExecutor$DelayedWorkQueue.take(java.base@11.0.8/ScheduledThreadPoolExecutor.java:899)
	at java.util.concurrent.ThreadPoolExecutor.getTask(java.base@11.0.8/ThreadPoolExecutor.java:1054)
	at java.util.concurrent.ThreadPoolExecutor.runWorker(java.base@11.0.8/ThreadPoolExecutor.java:1114)
	at java.util.concurrent.ThreadPoolExecutor$Worker.run(java.base@11.0.8/ThreadPoolExecutor.java:628)
	at org.apache.activemq.artemis.utils.ActiveMQThreadFactory$1.run(ActiveMQThreadFactory.java:118)

"Thread-0 (ActiveMQ-IO-server-org.apache.activemq.artemis.core.server.impl.ActiveMQServerImpl$8@2c16fadb)" #23 prio=5 os_prio=31 cpu=1.15ms elapsed=60.07s tid=0x00007fc6c8057000 nid=0x9103 waiting on condition  [0x0000700003852000]
   java.lang.Thread.State: TIMED_WAITING (parking)
	at jdk.internal.misc.Unsafe.park(java.base@11.0.8/Native Method)
	- parking to wait for  <0x0000000788fa0d70> (a java.util.concurrent.SynchronousQueue$TransferStack)
	at java.util.concurrent.locks.LockSupport.parkNanos(java.base@11.0.8/LockSupport.java:234)
	at java.util.concurrent.SynchronousQueue$TransferStack.awaitFulfill(java.base@11.0.8/SynchronousQueue.java:462)
	at java.util.concurrent.SynchronousQueue$TransferStack.transfer(java.base@11.0.8/SynchronousQueue.java:361)
	at java.util.concurrent.SynchronousQueue.poll(java.base@11.0.8/SynchronousQueue.java:937)
	at java.util.concurrent.ThreadPoolExecutor.getTask(java.base@11.0.8/ThreadPoolExecutor.java:1053)
	at java.util.concurrent.ThreadPoolExecutor.runWorker(java.base@11.0.8/ThreadPoolExecutor.java:1114)
	at java.util.concurrent.ThreadPoolExecutor$Worker.run(java.base@11.0.8/ThreadPoolExecutor.java:628)
	at org.apache.activemq.artemis.utils.ActiveMQThreadFactory$1.run(ActiveMQThreadFactory.java:118)

"Thread-3 (ActiveMQ-scheduled-threads)" #32 prio=5 os_prio=31 cpu=13.79ms elapsed=59.20s tid=0x00007fc6c810d800 nid=0xfd07 waiting on condition  [0x0000700003955000]
   java.lang.Thread.State: WAITING (parking)
	at jdk.internal.misc.Unsafe.park(java.base@11.0.8/Native Method)
	- parking to wait for  <0x0000000788fa0978> (a java.util.concurrent.locks.AbstractQueuedSynchronizer$ConditionObject)
	at java.util.concurrent.locks.LockSupport.park(java.base@11.0.8/LockSupport.java:194)
	at java.util.concurrent.locks.AbstractQueuedSynchronizer$ConditionObject.await(java.base@11.0.8/AbstractQueuedSynchronizer.java:2081)
	at java.util.concurrent.ScheduledThreadPoolExecutor$DelayedWorkQueue.take(java.base@11.0.8/ScheduledThreadPoolExecutor.java:1177)
	at java.util.concurrent.ScheduledThreadPoolExecutor$DelayedWorkQueue.take(java.base@11.0.8/ScheduledThreadPoolExecutor.java:899)
	at java.util.concurrent.ThreadPoolExecutor.getTask(java.base@11.0.8/ThreadPoolExecutor.java:1054)
	at java.util.concurrent.ThreadPoolExecutor.runWorker(java.base@11.0.8/ThreadPoolExecutor.java:1114)
	at java.util.concurrent.ThreadPoolExecutor$Worker.run(java.base@11.0.8/ThreadPoolExecutor.java:628)
	at org.apache.activemq.artemis.utils.ActiveMQThreadFactory$1.run(ActiveMQThreadFactory.java:118)

"Thread-0 (ActiveMQ-server-org.apache.activemq.artemis.core.server.impl.ActiveMQServerImpl$6@566d0c69)" #33 prio=5 os_prio=31 cpu=6.21ms elapsed=59.06s tid=0x00007fc6c0de3800 nid=0x9d07 waiting on condition  [0x0000700003a58000]
   java.lang.Thread.State: TIMED_WAITING (parking)
	at jdk.internal.misc.Unsafe.park(java.base@11.0.8/Native Method)
	- parking to wait for  <0x0000000788fb7d20> (a java.util.concurrent.locks.AbstractQueuedSynchronizer$ConditionObject)
	at java.util.concurrent.locks.LockSupport.parkNanos(java.base@11.0.8/LockSupport.java:234)
	at java.util.concurrent.locks.AbstractQueuedSynchronizer$ConditionObject.awaitNanos(java.base@11.0.8/AbstractQueuedSynchronizer.java:2123)
	at java.util.concurrent.LinkedBlockingQueue.poll(java.base@11.0.8/LinkedBlockingQueue.java:458)
	at org.apache.activemq.artemis.utils.ActiveMQThreadPoolExecutor$ThreadPoolQueue.poll(ActiveMQThreadPoolExecutor.java:112)
	at org.apache.activemq.artemis.utils.ActiveMQThreadPoolExecutor$ThreadPoolQueue.poll(ActiveMQThreadPoolExecutor.java:45)
	at java.util.concurrent.ThreadPoolExecutor.getTask(java.base@11.0.8/ThreadPoolExecutor.java:1053)
	at java.util.concurrent.ThreadPoolExecutor.runWorker(java.base@11.0.8/ThreadPoolExecutor.java:1114)
	at java.util.concurrent.ThreadPoolExecutor$Worker.run(java.base@11.0.8/ThreadPoolExecutor.java:628)
	at org.apache.activemq.artemis.utils.ActiveMQThreadFactory$1.run(ActiveMQThreadFactory.java:118)

"Thread-1 (ActiveMQ-server-org.apache.activemq.artemis.core.server.impl.ActiveMQServerImpl$6@566d0c69)" #34 prio=5 os_prio=31 cpu=4.26ms elapsed=59.06s tid=0x00007fc6c0e37800 nid=0x9907 waiting on condition  [0x0000700003b5b000]
   java.lang.Thread.State: TIMED_WAITING (parking)
	at jdk.internal.misc.Unsafe.park(java.base@11.0.8/Native Method)
	- parking to wait for  <0x0000000788fb7d20> (a java.util.concurrent.locks.AbstractQueuedSynchronizer$ConditionObject)
	at java.util.concurrent.locks.LockSupport.parkNanos(java.base@11.0.8/LockSupport.java:234)
	at java.util.concurrent.locks.AbstractQueuedSynchronizer$ConditionObject.awaitNanos(java.base@11.0.8/AbstractQueuedSynchronizer.java:2123)
	at java.util.concurrent.LinkedBlockingQueue.poll(java.base@11.0.8/LinkedBlockingQueue.java:458)
	at org.apache.activemq.artemis.utils.ActiveMQThreadPoolExecutor$ThreadPoolQueue.poll(ActiveMQThreadPoolExecutor.java:112)
	at org.apache.activemq.artemis.utils.ActiveMQThreadPoolExecutor$ThreadPoolQueue.poll(ActiveMQThreadPoolExecutor.java:45)
	at java.util.concurrent.ThreadPoolExecutor.getTask(java.base@11.0.8/ThreadPoolExecutor.java:1053)
	at java.util.concurrent.ThreadPoolExecutor.runWorker(java.base@11.0.8/ThreadPoolExecutor.java:1114)
	at java.util.concurrent.ThreadPoolExecutor$Worker.run(java.base@11.0.8/ThreadPoolExecutor.java:628)
	at org.apache.activemq.artemis.utils.ActiveMQThreadFactory$1.run(ActiveMQThreadFactory.java:118)

"Thread-2 (ActiveMQ-server-org.apache.activemq.artemis.core.server.impl.ActiveMQServerImpl$6@566d0c69)" #35 prio=5 os_prio=31 cpu=8.40ms elapsed=59.06s tid=0x00007fc6c8066000 nid=0xaa07 waiting on condition  [0x0000700003c5e000]
   java.lang.Thread.State: TIMED_WAITING (parking)
	at jdk.internal.misc.Unsafe.park(java.base@11.0.8/Native Method)
	- parking to wait for  <0x0000000788fb7d20> (a java.util.concurrent.locks.AbstractQueuedSynchronizer$ConditionObject)
	at java.util.concurrent.locks.LockSupport.parkNanos(java.base@11.0.8/LockSupport.java:234)
	at java.util.concurrent.locks.AbstractQueuedSynchronizer$ConditionObject.awaitNanos(java.base@11.0.8/AbstractQueuedSynchronizer.java:2123)
	at java.util.concurrent.LinkedBlockingQueue.poll(java.base@11.0.8/LinkedBlockingQueue.java:458)
	at org.apache.activemq.artemis.utils.ActiveMQThreadPoolExecutor$ThreadPoolQueue.poll(ActiveMQThreadPoolExecutor.java:112)
	at org.apache.activemq.artemis.utils.ActiveMQThreadPoolExecutor$ThreadPoolQueue.poll(ActiveMQThreadPoolExecutor.java:45)
	at java.util.concurrent.ThreadPoolExecutor.getTask(java.base@11.0.8/ThreadPoolExecutor.java:1053)
	at java.util.concurrent.ThreadPoolExecutor.runWorker(java.base@11.0.8/ThreadPoolExecutor.java:1114)
	at java.util.concurrent.ThreadPoolExecutor$Worker.run(java.base@11.0.8/ThreadPoolExecutor.java:628)
	at org.apache.activemq.artemis.utils.ActiveMQThreadFactory$1.run(ActiveMQThreadFactory.java:118)

"Thread-1 (ActiveMQ-IO-server-org.apache.activemq.artemis.core.server.impl.ActiveMQServerImpl$8@2c16fadb)" #36 prio=5 os_prio=31 cpu=2.34ms elapsed=59.05s tid=0x00007fc6c37ff000 nid=0xab07 waiting on condition  [0x0000700003d61000]
   java.lang.Thread.State: TIMED_WAITING (parking)
	at jdk.internal.misc.Unsafe.park(java.base@11.0.8/Native Method)
	- parking to wait for  <0x0000000788fa0d70> (a java.util.concurrent.SynchronousQueue$TransferStack)
	at java.util.concurrent.locks.LockSupport.parkNanos(java.base@11.0.8/LockSupport.java:234)
	at java.util.concurrent.SynchronousQueue$TransferStack.awaitFulfill(java.base@11.0.8/SynchronousQueue.java:462)
	at java.util.concurrent.SynchronousQueue$TransferStack.transfer(java.base@11.0.8/SynchronousQueue.java:361)
	at java.util.concurrent.SynchronousQueue.poll(java.base@11.0.8/SynchronousQueue.java:937)
	at java.util.concurrent.ThreadPoolExecutor.getTask(java.base@11.0.8/ThreadPoolExecutor.java:1053)
	at java.util.concurrent.ThreadPoolExecutor.runWorker(java.base@11.0.8/ThreadPoolExecutor.java:1114)
	at java.util.concurrent.ThreadPoolExecutor$Worker.run(java.base@11.0.8/ThreadPoolExecutor.java:628)
	at org.apache.activemq.artemis.utils.ActiveMQThreadFactory$1.run(ActiveMQThreadFactory.java:118)

"Thread-0 (ActiveMQ-PageExecutor-server-org.apache.activemq.artemis.core.server.impl.ActiveMQServerImpl$9@f8f56b9)" #37 prio=5 os_prio=31 cpu=2.89ms elapsed=59.04s tid=0x00007fc6c3b0c000 nid=0xfb07 waiting on condition  [0x0000700003e64000]
   java.lang.Thread.State: TIMED_WAITING (parking)
	at jdk.internal.misc.Unsafe.park(java.base@11.0.8/Native Method)
	- parking to wait for  <0x0000000788fb8030> (a java.util.concurrent.locks.AbstractQueuedSynchronizer$ConditionObject)
	at java.util.concurrent.locks.LockSupport.parkNanos(java.base@11.0.8/LockSupport.java:234)
	at java.util.concurrent.locks.AbstractQueuedSynchronizer$ConditionObject.awaitNanos(java.base@11.0.8/AbstractQueuedSynchronizer.java:2123)
	at java.util.concurrent.LinkedBlockingQueue.poll(java.base@11.0.8/LinkedBlockingQueue.java:458)
	at org.apache.activemq.artemis.utils.ActiveMQThreadPoolExecutor$ThreadPoolQueue.poll(ActiveMQThreadPoolExecutor.java:112)
	at org.apache.activemq.artemis.utils.ActiveMQThreadPoolExecutor$ThreadPoolQueue.poll(ActiveMQThreadPoolExecutor.java:45)
	at java.util.concurrent.ThreadPoolExecutor.getTask(java.base@11.0.8/ThreadPoolExecutor.java:1053)
	at java.util.concurrent.ThreadPoolExecutor.runWorker(java.base@11.0.8/ThreadPoolExecutor.java:1114)
	at java.util.concurrent.ThreadPoolExecutor$Worker.run(java.base@11.0.8/ThreadPoolExecutor.java:628)
	at org.apache.activemq.artemis.utils.ActiveMQThreadFactory$1.run(ActiveMQThreadFactory.java:118)

"Thread-1 (ActiveMQ-PageExecutor-server-org.apache.activemq.artemis.core.server.impl.ActiveMQServerImpl$9@f8f56b9)" #38 prio=5 os_prio=31 cpu=0.85ms elapsed=59.04s tid=0x00007fc6c4066800 nid=0xf907 waiting on condition  [0x0000700003f67000]
   java.lang.Thread.State: TIMED_WAITING (parking)
	at jdk.internal.misc.Unsafe.park(java.base@11.0.8/Native Method)
	- parking to wait for  <0x0000000788fb8030> (a java.util.concurrent.locks.AbstractQueuedSynchronizer$ConditionObject)
	at java.util.concurrent.locks.LockSupport.parkNanos(java.base@11.0.8/LockSupport.java:234)
	at java.util.concurrent.locks.AbstractQueuedSynchronizer$ConditionObject.awaitNanos(java.base@11.0.8/AbstractQueuedSynchronizer.java:2123)
	at java.util.concurrent.LinkedBlockingQueue.poll(java.base@11.0.8/LinkedBlockingQueue.java:458)
	at org.apache.activemq.artemis.utils.ActiveMQThreadPoolExecutor$ThreadPoolQueue.poll(ActiveMQThreadPoolExecutor.java:112)
	at org.apache.activemq.artemis.utils.ActiveMQThreadPoolExecutor$ThreadPoolQueue.poll(ActiveMQThreadPoolExecutor.java:45)
	at java.util.concurrent.ThreadPoolExecutor.getTask(java.base@11.0.8/ThreadPoolExecutor.java:1053)
	at java.util.concurrent.ThreadPoolExecutor.runWorker(java.base@11.0.8/ThreadPoolExecutor.java:1114)
	at java.util.concurrent.ThreadPoolExecutor$Worker.run(java.base@11.0.8/ThreadPoolExecutor.java:628)
	at org.apache.activemq.artemis.utils.ActiveMQThreadFactory$1.run(ActiveMQThreadFactory.java:118)

"Thread-2 (ActiveMQ-PageExecutor-server-org.apache.activemq.artemis.core.server.impl.ActiveMQServerImpl$9@f8f56b9)" #39 prio=5 os_prio=31 cpu=0.24ms elapsed=59.04s tid=0x00007fc6c4053000 nid=0x9607 waiting on condition  [0x000070000406a000]
   java.lang.Thread.State: TIMED_WAITING (parking)
	at jdk.internal.misc.Unsafe.park(java.base@11.0.8/Native Method)
	- parking to wait for  <0x0000000788fb8030> (a java.util.concurrent.locks.AbstractQueuedSynchronizer$ConditionObject)
	at java.util.concurrent.locks.LockSupport.parkNanos(java.base@11.0.8/LockSupport.java:234)
	at java.util.concurrent.locks.AbstractQueuedSynchronizer$ConditionObject.awaitNanos(java.base@11.0.8/AbstractQueuedSynchronizer.java:2123)
	at java.util.concurrent.LinkedBlockingQueue.poll(java.base@11.0.8/LinkedBlockingQueue.java:458)
	at org.apache.activemq.artemis.utils.ActiveMQThreadPoolExecutor$ThreadPoolQueue.poll(ActiveMQThreadPoolExecutor.java:112)
	at org.apache.activemq.artemis.utils.ActiveMQThreadPoolExecutor$ThreadPoolQueue.poll(ActiveMQThreadPoolExecutor.java:45)
	at java.util.concurrent.ThreadPoolExecutor.getTask(java.base@11.0.8/ThreadPoolExecutor.java:1053)
	at java.util.concurrent.ThreadPoolExecutor.runWorker(java.base@11.0.8/ThreadPoolExecutor.java:1114)
	at java.util.concurrent.ThreadPoolExecutor$Worker.run(java.base@11.0.8/ThreadPoolExecutor.java:628)
	at org.apache.activemq.artemis.utils.ActiveMQThreadFactory$1.run(ActiveMQThreadFactory.java:118)

"Thread-3 (ActiveMQ-PageExecutor-server-org.apache.activemq.artemis.core.server.impl.ActiveMQServerImpl$9@f8f56b9)" #40 prio=5 os_prio=31 cpu=0.21ms elapsed=59.04s tid=0x00007fc6c34dc000 nid=0xb103 waiting on condition  [0x000070000416d000]
   java.lang.Thread.State: TIMED_WAITING (parking)
	at jdk.internal.misc.Unsafe.park(java.base@11.0.8/Native Method)
	- parking to wait for  <0x0000000788fb8030> (a java.util.concurrent.locks.AbstractQueuedSynchronizer$ConditionObject)
	at java.util.concurrent.locks.LockSupport.parkNanos(java.base@11.0.8/LockSupport.java:234)
	at java.util.concurrent.locks.AbstractQueuedSynchronizer$ConditionObject.awaitNanos(java.base@11.0.8/AbstractQueuedSynchronizer.java:2123)
	at java.util.concurrent.LinkedBlockingQueue.poll(java.base@11.0.8/LinkedBlockingQueue.java:458)
	at org.apache.activemq.artemis.utils.ActiveMQThreadPoolExecutor$ThreadPoolQueue.poll(ActiveMQThreadPoolExecutor.java:112)
	at org.apache.activemq.artemis.utils.ActiveMQThreadPoolExecutor$ThreadPoolQueue.poll(ActiveMQThreadPoolExecutor.java:45)
	at java.util.concurrent.ThreadPoolExecutor.getTask(java.base@11.0.8/ThreadPoolExecutor.java:1053)
	at java.util.concurrent.ThreadPoolExecutor.runWorker(java.base@11.0.8/ThreadPoolExecutor.java:1114)
	at java.util.concurrent.ThreadPoolExecutor$Worker.run(java.base@11.0.8/ThreadPoolExecutor.java:628)
	at org.apache.activemq.artemis.utils.ActiveMQThreadFactory$1.run(ActiveMQThreadFactory.java:118)

"Thread-4 (ActiveMQ-PageExecutor-server-org.apache.activemq.artemis.core.server.impl.ActiveMQServerImpl$9@f8f56b9)" #41 prio=5 os_prio=31 cpu=0.13ms elapsed=59.04s tid=0x00007fc6c40d9800 nid=0xf603 waiting on condition  [0x0000700004270000]
   java.lang.Thread.State: TIMED_WAITING (parking)
	at jdk.internal.misc.Unsafe.park(java.base@11.0.8/Native Method)
	- parking to wait for  <0x0000000788fb8030> (a java.util.concurrent.locks.AbstractQueuedSynchronizer$ConditionObject)
	at java.util.concurrent.locks.LockSupport.parkNanos(java.base@11.0.8/LockSupport.java:234)
	at java.util.concurrent.locks.AbstractQueuedSynchronizer$ConditionObject.awaitNanos(java.base@11.0.8/AbstractQueuedSynchronizer.java:2123)
	at java.util.concurrent.LinkedBlockingQueue.poll(java.base@11.0.8/LinkedBlockingQueue.java:458)
	at org.apache.activemq.artemis.utils.ActiveMQThreadPoolExecutor$ThreadPoolQueue.poll(ActiveMQThreadPoolExecutor.java:112)
	at org.apache.activemq.artemis.utils.ActiveMQThreadPoolExecutor$ThreadPoolQueue.poll(ActiveMQThreadPoolExecutor.java:45)
	at java.util.concurrent.ThreadPoolExecutor.getTask(java.base@11.0.8/ThreadPoolExecutor.java:1053)
	at java.util.concurrent.ThreadPoolExecutor.runWorker(java.base@11.0.8/ThreadPoolExecutor.java:1114)
	at java.util.concurrent.ThreadPoolExecutor$Worker.run(java.base@11.0.8/ThreadPoolExecutor.java:628)
	at org.apache.activemq.artemis.utils.ActiveMQThreadFactory$1.run(ActiveMQThreadFactory.java:118)

"activemq-failure-check-thread" #42 prio=5 os_prio=31 cpu=3.08ms elapsed=58.70s tid=0x00007fc6c11cb800 nid=0xb303 waiting on condition  [0x0000700004373000]
   java.lang.Thread.State: TIMED_WAITING (parking)
	at jdk.internal.misc.Unsafe.park(java.base@11.0.8/Native Method)
	- parking to wait for  <0x0000000780b4f3a8> (a java.util.concurrent.CountDownLatch$Sync)
	at java.util.concurrent.locks.LockSupport.parkNanos(java.base@11.0.8/LockSupport.java:234)
	at java.util.concurrent.locks.AbstractQueuedSynchronizer.doAcquireSharedNanos(java.base@11.0.8/AbstractQueuedSynchronizer.java:1079)
	at java.util.concurrent.locks.AbstractQueuedSynchronizer.tryAcquireSharedNanos(java.base@11.0.8/AbstractQueuedSynchronizer.java:1369)
	at java.util.concurrent.CountDownLatch.await(java.base@11.0.8/CountDownLatch.java:278)
	at org.apache.activemq.artemis.core.remoting.server.impl.RemotingServiceImpl$FailureCheckAndFlushThread.run(RemotingServiceImpl.java:788)

"Thread-4 (ActiveMQ-scheduled-threads)" #43 prio=5 os_prio=31 cpu=14.69ms elapsed=58.70s tid=0x00007fc6c0d67000 nid=0xb603 waiting on condition  [0x0000700004476000]
   java.lang.Thread.State: WAITING (parking)
	at jdk.internal.misc.Unsafe.park(java.base@11.0.8/Native Method)
	- parking to wait for  <0x0000000788fa0978> (a java.util.concurrent.locks.AbstractQueuedSynchronizer$ConditionObject)
	at java.util.concurrent.locks.LockSupport.park(java.base@11.0.8/LockSupport.java:194)
	at java.util.concurrent.locks.AbstractQueuedSynchronizer$ConditionObject.await(java.base@11.0.8/AbstractQueuedSynchronizer.java:2081)
	at java.util.concurrent.ScheduledThreadPoolExecutor$DelayedWorkQueue.take(java.base@11.0.8/ScheduledThreadPoolExecutor.java:1177)
	at java.util.concurrent.ScheduledThreadPoolExecutor$DelayedWorkQueue.take(java.base@11.0.8/ScheduledThreadPoolExecutor.java:899)
	at java.util.concurrent.ThreadPoolExecutor.getTask(java.base@11.0.8/ThreadPoolExecutor.java:1054)
	at java.util.concurrent.ThreadPoolExecutor.runWorker(java.base@11.0.8/ThreadPoolExecutor.java:1114)
	at java.util.concurrent.ThreadPoolExecutor$Worker.run(java.base@11.0.8/ThreadPoolExecutor.java:628)
	at org.apache.activemq.artemis.utils.ActiveMQThreadFactory$1.run(ActiveMQThreadFactory.java:118)

"Thread-0 (activemq-netty-threads)" #44 daemon prio=5 os_prio=31 cpu=8.29ms elapsed=58.46s tid=0x00007fc6c8131800 nid=0xb903 runnable  [0x0000700004579000]
   java.lang.Thread.State: RUNNABLE
	at io.netty.channel.kqueue.Native.keventWait(Native Method)
	at io.netty.channel.kqueue.Native.keventWait(Native.java:124)
	at io.netty.channel.kqueue.KQueueEventLoop.kqueueWait(KQueueEventLoop.java:179)
	at io.netty.channel.kqueue.KQueueEventLoop.kqueueWait(KQueueEventLoop.java:171)
	at io.netty.channel.kqueue.KQueueEventLoop.run(KQueueEventLoop.java:240)
	at io.netty.util.concurrent.SingleThreadEventExecutor$4.run(SingleThreadEventExecutor.java:997)
	at io.netty.util.internal.ThreadExecutorMap$2.run(ThreadExecutorMap.java:74)
	at org.apache.activemq.artemis.utils.ActiveMQThreadFactory$1.run(ActiveMQThreadFactory.java:118)

"Thread-0 (activemq-netty-threads)" #45 daemon prio=5 os_prio=31 cpu=4.42ms elapsed=58.45s tid=0x00007fc6c3b0d000 nid=0xf303 runnable  [0x000070000467c000]
   java.lang.Thread.State: RUNNABLE
	at io.netty.channel.kqueue.Native.keventWait(Native Method)
	at io.netty.channel.kqueue.Native.keventWait(Native.java:124)
	at io.netty.channel.kqueue.KQueueEventLoop.kqueueWait(KQueueEventLoop.java:179)
	at io.netty.channel.kqueue.KQueueEventLoop.kqueueWait(KQueueEventLoop.java:171)
	at io.netty.channel.kqueue.KQueueEventLoop.run(KQueueEventLoop.java:240)
	at io.netty.util.concurrent.SingleThreadEventExecutor$4.run(SingleThreadEventExecutor.java:997)
	at io.netty.util.internal.ThreadExecutorMap$2.run(ThreadExecutorMap.java:74)
	at org.apache.activemq.artemis.utils.ActiveMQThreadFactory$1.run(ActiveMQThreadFactory.java:118)

"Thread-0 (activemq-netty-threads)" #46 daemon prio=5 os_prio=31 cpu=4.42ms elapsed=58.44s tid=0x00007fc6bfa7c000 nid=0xbc03 runnable  [0x000070000477f000]
   java.lang.Thread.State: RUNNABLE
	at io.netty.channel.kqueue.Native.keventWait(Native Method)
	at io.netty.channel.kqueue.Native.keventWait(Native.java:124)
	at io.netty.channel.kqueue.KQueueEventLoop.kqueueWait(KQueueEventLoop.java:179)
	at io.netty.channel.kqueue.KQueueEventLoop.kqueueWait(KQueueEventLoop.java:171)
	at io.netty.channel.kqueue.KQueueEventLoop.run(KQueueEventLoop.java:240)
	at io.netty.util.concurrent.SingleThreadEventExecutor$4.run(SingleThreadEventExecutor.java:997)
	at io.netty.util.internal.ThreadExecutorMap$2.run(ThreadExecutorMap.java:74)
	at org.apache.activemq.artemis.utils.ActiveMQThreadFactory$1.run(ActiveMQThreadFactory.java:118)

"Thread-0 (activemq-netty-threads)" #47 daemon prio=5 os_prio=31 cpu=4.76ms elapsed=58.43s tid=0x00007fc6c34f1000 nid=0xf003 runnable  [0x0000700004882000]
   java.lang.Thread.State: RUNNABLE
	at io.netty.channel.kqueue.Native.keventWait(Native Method)
	at io.netty.channel.kqueue.Native.keventWait(Native.java:124)
	at io.netty.channel.kqueue.KQueueEventLoop.kqueueWait(KQueueEventLoop.java:179)
	at io.netty.channel.kqueue.KQueueEventLoop.kqueueWait(KQueueEventLoop.java:171)
	at io.netty.channel.kqueue.KQueueEventLoop.run(KQueueEventLoop.java:240)
	at io.netty.util.concurrent.SingleThreadEventExecutor$4.run(SingleThreadEventExecutor.java:997)
	at io.netty.util.internal.ThreadExecutorMap$2.run(ThreadExecutorMap.java:74)
	at org.apache.activemq.artemis.utils.ActiveMQThreadFactory$1.run(ActiveMQThreadFactory.java:118)

"Thread-0 (activemq-netty-threads)" #48 daemon prio=5 os_prio=31 cpu=4.59ms elapsed=58.42s tid=0x00007fc6c11f1800 nid=0xbf03 runnable  [0x0000700004985000]
   java.lang.Thread.State: RUNNABLE
	at io.netty.channel.kqueue.Native.keventWait(Native Method)
	at io.netty.channel.kqueue.Native.keventWait(Native.java:124)
	at io.netty.channel.kqueue.KQueueEventLoop.kqueueWait(KQueueEventLoop.java:179)
	at io.netty.channel.kqueue.KQueueEventLoop.kqueueWait(KQueueEventLoop.java:171)
	at io.netty.channel.kqueue.KQueueEventLoop.run(KQueueEventLoop.java:240)
	at io.netty.util.concurrent.SingleThreadEventExecutor$4.run(SingleThreadEventExecutor.java:997)
	at io.netty.util.internal.ThreadExecutorMap$2.run(ThreadExecutorMap.java:74)
	at org.apache.activemq.artemis.utils.ActiveMQThreadFactory$1.run(ActiveMQThreadFactory.java:118)

"qtp98459285-49" #49 prio=5 os_prio=31 cpu=2.09ms elapsed=57.75s tid=0x00007fc6c825e800 nid=0xc203 runnable  [0x0000700004a88000]
   java.lang.Thread.State: RUNNABLE
	at sun.nio.ch.KQueue.poll(java.base@11.0.8/Native Method)
	at sun.nio.ch.KQueueSelectorImpl.doSelect(java.base@11.0.8/KQueueSelectorImpl.java:122)
	at sun.nio.ch.SelectorImpl.lockAndDoSelect(java.base@11.0.8/SelectorImpl.java:124)
	- locked <0x00000007800fab40> (a sun.nio.ch.Util$2)
	- locked <0x00000007800fa978> (a sun.nio.ch.KQueueSelectorImpl)
	at sun.nio.ch.SelectorImpl.select(java.base@11.0.8/SelectorImpl.java:141)
	at org.eclipse.jetty.io.ManagedSelector.nioSelect(ManagedSelector.java:180)
	at org.eclipse.jetty.io.ManagedSelector.select(ManagedSelector.java:187)
	at org.eclipse.jetty.io.ManagedSelector$SelectorProducer.select(ManagedSelector.java:604)
	at org.eclipse.jetty.io.ManagedSelector$SelectorProducer.produce(ManagedSelector.java:541)
	at org.eclipse.jetty.util.thread.strategy.AdaptiveExecutionStrategy.produceTask(AdaptiveExecutionStrategy.java:446)
	at org.eclipse.jetty.util.thread.strategy.AdaptiveExecutionStrategy.tryProduce(AdaptiveExecutionStrategy.java:239)
	at org.eclipse.jetty.util.thread.strategy.AdaptiveExecutionStrategy.produce(AdaptiveExecutionStrategy.java:190)
	at org.eclipse.jetty.io.ManagedSelector$$Lambda$382/0x000000080055e440.run(Unknown Source)
	at org.eclipse.jetty.util.thread.QueuedThreadPool.runJob(QueuedThreadPool.java:894)
	at org.eclipse.jetty.util.thread.QueuedThreadPool$Runner.run(QueuedThreadPool.java:1038)
	at java.lang.Thread.run(java.base@11.0.8/Thread.java:834)

"qtp98459285-50" #50 prio=5 os_prio=31 cpu=0.60ms elapsed=57.75s tid=0x00007fc6c826f800 nid=0xec03 runnable  [0x0000700004b8b000]
   java.lang.Thread.State: RUNNABLE
	at sun.nio.ch.KQueue.poll(java.base@11.0.8/Native Method)
	at sun.nio.ch.KQueueSelectorImpl.doSelect(java.base@11.0.8/KQueueSelectorImpl.java:122)
	at sun.nio.ch.SelectorImpl.lockAndDoSelect(java.base@11.0.8/SelectorImpl.java:124)
	- locked <0x00000007800fb5c0> (a sun.nio.ch.Util$2)
	- locked <0x00000007800fb468> (a sun.nio.ch.KQueueSelectorImpl)
	at sun.nio.ch.SelectorImpl.select(java.base@11.0.8/SelectorImpl.java:141)
	at org.eclipse.jetty.io.ManagedSelector.nioSelect(ManagedSelector.java:180)
	at org.eclipse.jetty.io.ManagedSelector.select(ManagedSelector.java:187)
	at org.eclipse.jetty.io.ManagedSelector$SelectorProducer.select(ManagedSelector.java:604)
	at org.eclipse.jetty.io.ManagedSelector$SelectorProducer.produce(ManagedSelector.java:541)
	at org.eclipse.jetty.util.thread.strategy.AdaptiveExecutionStrategy.produceTask(AdaptiveExecutionStrategy.java:446)
	at org.eclipse.jetty.util.thread.strategy.AdaptiveExecutionStrategy.tryProduce(AdaptiveExecutionStrategy.java:239)
	at org.eclipse.jetty.util.thread.strategy.AdaptiveExecutionStrategy.produce(AdaptiveExecutionStrategy.java:190)
	at org.eclipse.jetty.io.ManagedSelector$$Lambda$382/0x000000080055e440.run(Unknown Source)
	at org.eclipse.jetty.util.thread.QueuedThreadPool.runJob(QueuedThreadPool.java:894)
	at org.eclipse.jetty.util.thread.QueuedThreadPool$Runner.run(QueuedThreadPool.java:1038)
	at java.lang.Thread.run(java.base@11.0.8/Thread.java:834)

"qtp98459285-51" #51 prio=5 os_prio=31 cpu=0.60ms elapsed=57.75s tid=0x00007fc6c0d2f800 nid=0xc403 runnable  [0x0000700004c8e000]
   java.lang.Thread.State: RUNNABLE
	at sun.nio.ch.KQueue.poll(java.base@11.0.8/Native Method)
	at sun.nio.ch.KQueueSelectorImpl.doSelect(java.base@11.0.8/KQueueSelectorImpl.java:122)
	at sun.nio.ch.SelectorImpl.lockAndDoSelect(java.base@11.0.8/SelectorImpl.java:124)
	- locked <0x00000007800fb7f0> (a sun.nio.ch.Util$2)
	- locked <0x00000007800fb698> (a sun.nio.ch.KQueueSelectorImpl)
	at sun.nio.ch.SelectorImpl.select(java.base@11.0.8/SelectorImpl.java:141)
	at org.eclipse.jetty.io.ManagedSelector.nioSelect(ManagedSelector.java:180)
	at org.eclipse.jetty.io.ManagedSelector.select(ManagedSelector.java:187)
	at org.eclipse.jetty.io.ManagedSelector$SelectorProducer.select(ManagedSelector.java:604)
	at org.eclipse.jetty.io.ManagedSelector$SelectorProducer.produce(ManagedSelector.java:541)
	at org.eclipse.jetty.util.thread.strategy.AdaptiveExecutionStrategy.produceTask(AdaptiveExecutionStrategy.java:446)
	at org.eclipse.jetty.util.thread.strategy.AdaptiveExecutionStrategy.tryProduce(AdaptiveExecutionStrategy.java:239)
	at org.eclipse.jetty.util.thread.strategy.AdaptiveExecutionStrategy.produce(AdaptiveExecutionStrategy.java:190)
	at org.eclipse.jetty.io.ManagedSelector$$Lambda$382/0x000000080055e440.run(Unknown Source)
	at org.eclipse.jetty.util.thread.QueuedThreadPool.runJob(QueuedThreadPool.java:894)
	at org.eclipse.jetty.util.thread.QueuedThreadPool$Runner.run(QueuedThreadPool.java:1038)
	at java.lang.Thread.run(java.base@11.0.8/Thread.java:834)

"qtp98459285-52" #52 prio=5 os_prio=31 cpu=0.59ms elapsed=57.75s tid=0x00007fc6c0db1800 nid=0xc603 runnable  [0x0000700004d91000]
   java.lang.Thread.State: RUNNABLE
	at sun.nio.ch.KQueue.poll(java.base@11.0.8/Native Method)
	at sun.nio.ch.KQueueSelectorImpl.doSelect(java.base@11.0.8/KQueueSelectorImpl.java:122)
	at sun.nio.ch.SelectorImpl.lockAndDoSelect(java.base@11.0.8/SelectorImpl.java:124)
	- locked <0x00000007800fba20> (a sun.nio.ch.Util$2)
	- locked <0x00000007800fb8c8> (a sun.nio.ch.KQueueSelectorImpl)
	at sun.nio.ch.SelectorImpl.select(java.base@11.0.8/SelectorImpl.java:141)
	at org.eclipse.jetty.io.ManagedSelector.nioSelect(ManagedSelector.java:180)
	at org.eclipse.jetty.io.ManagedSelector.select(ManagedSelector.java:187)
	at org.eclipse.jetty.io.ManagedSelector$SelectorProducer.select(ManagedSelector.java:604)
	at org.eclipse.jetty.io.ManagedSelector$SelectorProducer.produce(ManagedSelector.java:541)
	at org.eclipse.jetty.util.thread.strategy.AdaptiveExecutionStrategy.produceTask(AdaptiveExecutionStrategy.java:446)
	at org.eclipse.jetty.util.thread.strategy.AdaptiveExecutionStrategy.tryProduce(AdaptiveExecutionStrategy.java:239)
	at org.eclipse.jetty.util.thread.strategy.AdaptiveExecutionStrategy.produce(AdaptiveExecutionStrategy.java:190)
	at org.eclipse.jetty.io.ManagedSelector$$Lambda$382/0x000000080055e440.run(Unknown Source)
	at org.eclipse.jetty.util.thread.QueuedThreadPool.runJob(QueuedThreadPool.java:894)
	at org.eclipse.jetty.util.thread.QueuedThreadPool$Runner.run(QueuedThreadPool.java:1038)
	at java.lang.Thread.run(java.base@11.0.8/Thread.java:834)

"qtp98459285-53" #53 prio=5 os_prio=31 cpu=0.18ms elapsed=57.75s tid=0x00007fc6c0ccd800 nid=0xc703 runnable  [0x0000700004e94000]
   java.lang.Thread.State: RUNNABLE
	at sun.nio.ch.KQueue.poll(java.base@11.0.8/Native Method)
	at sun.nio.ch.KQueueSelectorImpl.doSelect(java.base@11.0.8/KQueueSelectorImpl.java:122)
	at sun.nio.ch.SelectorImpl.lockAndDoSelect(java.base@11.0.8/SelectorImpl.java:124)
	- locked <0x00000007800fbc50> (a sun.nio.ch.Util$2)
	- locked <0x00000007800fbaf8> (a sun.nio.ch.KQueueSelectorImpl)
	at sun.nio.ch.SelectorImpl.select(java.base@11.0.8/SelectorImpl.java:141)
	at org.eclipse.jetty.io.ManagedSelector.nioSelect(ManagedSelector.java:180)
	at org.eclipse.jetty.io.ManagedSelector.select(ManagedSelector.java:187)
	at org.eclipse.jetty.io.ManagedSelector$SelectorProducer.select(ManagedSelector.java:604)
	at org.eclipse.jetty.io.ManagedSelector$SelectorProducer.produce(ManagedSelector.java:541)
	at org.eclipse.jetty.util.thread.strategy.AdaptiveExecutionStrategy.produceTask(AdaptiveExecutionStrategy.java:446)
	at org.eclipse.jetty.util.thread.strategy.AdaptiveExecutionStrategy.tryProduce(AdaptiveExecutionStrategy.java:239)
	at org.eclipse.jetty.util.thread.strategy.AdaptiveExecutionStrategy.produce(AdaptiveExecutionStrategy.java:190)
	at org.eclipse.jetty.io.ManagedSelector$$Lambda$382/0x000000080055e440.run(Unknown Source)
	at org.eclipse.jetty.util.thread.QueuedThreadPool.runJob(QueuedThreadPool.java:894)
	at org.eclipse.jetty.util.thread.QueuedThreadPool$Runner.run(QueuedThreadPool.java:1038)
	at java.lang.Thread.run(java.base@11.0.8/Thread.java:834)

"qtp98459285-54" #54 prio=5 os_prio=31 cpu=0.16ms elapsed=57.75s tid=0x00007fc6c34df800 nid=0xc903 runnable  [0x0000700004f97000]
   java.lang.Thread.State: RUNNABLE
	at sun.nio.ch.KQueue.poll(java.base@11.0.8/Native Method)
	at sun.nio.ch.KQueueSelectorImpl.doSelect(java.base@11.0.8/KQueueSelectorImpl.java:122)
	at sun.nio.ch.SelectorImpl.lockAndDoSelect(java.base@11.0.8/SelectorImpl.java:124)
	- locked <0x00000007800fbe80> (a sun.nio.ch.Util$2)
	- locked <0x00000007800fbd28> (a sun.nio.ch.KQueueSelectorImpl)
	at sun.nio.ch.SelectorImpl.select(java.base@11.0.8/SelectorImpl.java:141)
	at org.eclipse.jetty.io.ManagedSelector.nioSelect(ManagedSelector.java:180)
	at org.eclipse.jetty.io.ManagedSelector.select(ManagedSelector.java:187)
	at org.eclipse.jetty.io.ManagedSelector$SelectorProducer.select(ManagedSelector.java:604)
	at org.eclipse.jetty.io.ManagedSelector$SelectorProducer.produce(ManagedSelector.java:541)
	at org.eclipse.jetty.util.thread.strategy.AdaptiveExecutionStrategy.produceTask(AdaptiveExecutionStrategy.java:446)
	at org.eclipse.jetty.util.thread.strategy.AdaptiveExecutionStrategy.tryProduce(AdaptiveExecutionStrategy.java:239)
	at org.eclipse.jetty.util.thread.strategy.AdaptiveExecutionStrategy.produce(AdaptiveExecutionStrategy.java:190)
	at org.eclipse.jetty.io.ManagedSelector$$Lambda$382/0x000000080055e440.run(Unknown Source)
	at org.eclipse.jetty.util.thread.QueuedThreadPool.runJob(QueuedThreadPool.java:894)
	at org.eclipse.jetty.util.thread.QueuedThreadPool$Runner.run(QueuedThreadPool.java:1038)
	at java.lang.Thread.run(java.base@11.0.8/Thread.java:834)

"qtp98459285-55-acceptor-0@558084d-Connector-0@d3f4505{HTTP/1.1, (http/1.1)}{localhost:8161}" #55 prio=3 os_prio=31 cpu=0.94ms elapsed=57.75s tid=0x00007fc6ca7fd800 nid=0xcc03 runnable  [0x000070000509a000]
   java.lang.Thread.State: RUNNABLE
	at sun.nio.ch.ServerSocketChannelImpl.accept0(java.base@11.0.8/Native Method)
	at sun.nio.ch.ServerSocketChannelImpl.accept(java.base@11.0.8/ServerSocketChannelImpl.java:533)
	at sun.nio.ch.ServerSocketChannelImpl.accept(java.base@11.0.8/ServerSocketChannelImpl.java:285)
	at org.eclipse.jetty.server.ServerConnector.accept(ServerConnector.java:409)
	at org.eclipse.jetty.server.AbstractConnector$Acceptor.run(AbstractConnector.java:734)
	at org.eclipse.jetty.util.thread.QueuedThreadPool.runJob(QueuedThreadPool.java:894)
	at org.eclipse.jetty.util.thread.QueuedThreadPool$Runner.run(QueuedThreadPool.java:1038)
	at java.lang.Thread.run(java.base@11.0.8/Thread.java:834)

"qtp98459285-56" #56 prio=5 os_prio=31 cpu=0.10ms elapsed=57.75s tid=0x00007fc6bfda7800 nid=0xce03 waiting on condition  [0x000070000519d000]
   java.lang.Thread.State: TIMED_WAITING (parking)
	at jdk.internal.misc.Unsafe.park(java.base@11.0.8/Native Method)
	- parking to wait for  <0x00000007873b5358> (a java.util.concurrent.locks.AbstractQueuedSynchronizer$ConditionObject)
	at java.util.concurrent.locks.LockSupport.parkNanos(java.base@11.0.8/LockSupport.java:234)
	at java.util.concurrent.locks.AbstractQueuedSynchronizer$ConditionObject.awaitNanos(java.base@11.0.8/AbstractQueuedSynchronizer.java:2123)
	at org.eclipse.jetty.util.BlockingArrayQueue.poll(BlockingArrayQueue.java:219)
	at org.eclipse.jetty.util.thread.QueuedThreadPool$Runner.idleJobPoll(QueuedThreadPool.java:975)
	at org.eclipse.jetty.util.thread.QueuedThreadPool$Runner.run(QueuedThreadPool.java:1025)
	at java.lang.Thread.run(java.base@11.0.8/Thread.java:834)

"Session-HouseKeeper-4a50d04a-1" #57 prio=5 os_prio=31 cpu=0.14ms elapsed=57.60s tid=0x00007fc6c13b9000 nid=0xe403 waiting on condition  [0x00007000052a0000]
   java.lang.Thread.State: TIMED_WAITING (parking)
	at jdk.internal.misc.Unsafe.park(java.base@11.0.8/Native Method)
	- parking to wait for  <0x000000078736e1e8> (a java.util.concurrent.locks.AbstractQueuedSynchronizer$ConditionObject)
	at java.util.concurrent.locks.LockSupport.parkNanos(java.base@11.0.8/LockSupport.java:234)
	at java.util.concurrent.locks.AbstractQueuedSynchronizer$ConditionObject.awaitNanos(java.base@11.0.8/AbstractQueuedSynchronizer.java:2123)
	at java.util.concurrent.ScheduledThreadPoolExecutor$DelayedWorkQueue.take(java.base@11.0.8/ScheduledThreadPoolExecutor.java:1182)
	at java.util.concurrent.ScheduledThreadPoolExecutor$DelayedWorkQueue.take(java.base@11.0.8/ScheduledThreadPoolExecutor.java:899)
	at java.util.concurrent.ThreadPoolExecutor.getTask(java.base@11.0.8/ThreadPoolExecutor.java:1054)
	at java.util.concurrent.ThreadPoolExecutor.runWorker(java.base@11.0.8/ThreadPoolExecutor.java:1114)
	at java.util.concurrent.ThreadPoolExecutor$Worker.run(java.base@11.0.8/ThreadPoolExecutor.java:628)
	at java.lang.Thread.run(java.base@11.0.8/Thread.java:834)

"DestroyJavaVM" #58 prio=5 os_prio=31 cpu=3548.76ms elapsed=57.06s tid=0x00007fc6c11c4800 nid=0x2703 waiting on condition  [0x0000000000000000]
   java.lang.Thread.State: RUNNABLE

"Log4j2-TF-3-Scheduled-4" #59 daemon prio=5 os_prio=31 cpu=0.73ms elapsed=55.89s tid=0x00007fc6ca7ff800 nid=0xe303 waiting on condition  [0x00007000053a3000]
   java.lang.Thread.State: TIMED_WAITING (parking)
	at jdk.internal.misc.Unsafe.park(java.base@11.0.8/Native Method)
	- parking to wait for  <0x0000000788fa02e0> (a java.util.concurrent.locks.AbstractQueuedSynchronizer$ConditionObject)
	at java.util.concurrent.locks.LockSupport.parkNanos(java.base@11.0.8/LockSupport.java:234)
	at java.util.concurrent.locks.AbstractQueuedSynchronizer$ConditionObject.awaitNanos(java.base@11.0.8/AbstractQueuedSynchronizer.java:2123)
	at java.util.concurrent.ScheduledThreadPoolExecutor$DelayedWorkQueue.take(java.base@11.0.8/ScheduledThreadPoolExecutor.java:1182)
	at java.util.concurrent.ScheduledThreadPoolExecutor$DelayedWorkQueue.take(java.base@11.0.8/ScheduledThreadPoolExecutor.java:899)
	at java.util.concurrent.ThreadPoolExecutor.getTask(java.base@11.0.8/ThreadPoolExecutor.java:1054)
	at java.util.concurrent.ThreadPoolExecutor.runWorker(java.base@11.0.8/ThreadPoolExecutor.java:1114)
	at java.util.concurrent.ThreadPoolExecutor$Worker.run(java.base@11.0.8/ThreadPoolExecutor.java:628)
	at java.lang.Thread.run(java.base@11.0.8/Thread.java:834)

"Attach Listener" #60 daemon prio=9 os_prio=31 cpu=16.29ms elapsed=10.62s tid=0x00007fc6ca0a8800 nid=0xd303 waiting on condition  [0x0000000000000000]
   java.lang.Thread.State: RUNNABLE

"VM Thread" os_prio=31 cpu=100.65ms elapsed=61.97s tid=0x00007fc6bf81e000 nid=0x4303 runnable  

"GC Thread#0" os_prio=31 cpu=53.45ms elapsed=61.98s tid=0x00007fc6c081a800 nid=0x2f03 runnable  

"GC Thread#1" os_prio=31 cpu=60.99ms elapsed=61.53s tid=0x00007fc6c11be000 nid=0x7603 runnable  

"GC Thread#2" os_prio=31 cpu=62.39ms elapsed=61.53s tid=0x00007fc6c11c7800 nid=0x7503 runnable  

"GC Thread#3" os_prio=31 cpu=58.90ms elapsed=61.53s tid=0x00007fc6c11c8800 nid=0x6403 runnable  

"GC Thread#4" os_prio=31 cpu=57.78ms elapsed=61.53s tid=0x00007fc6c11c9000 nid=0x6603 runnable  

"GC Thread#5" os_prio=31 cpu=59.98ms elapsed=61.53s tid=0x00007fc6c11ca000 nid=0x7303 runnable  

"GC Thread#6" os_prio=31 cpu=50.27ms elapsed=61.53s tid=0x00007fc6c380a000 nid=0x6703 runnable  

"GC Thread#7" os_prio=31 cpu=59.61ms elapsed=61.53s tid=0x00007fc6c39c9800 nid=0x6803 runnable  

"GC Thread#8" os_prio=31 cpu=60.55ms elapsed=61.53s tid=0x00007fc6c0d4b800 nid=0x6903 runnable  

"GC Thread#9" os_prio=31 cpu=61.98ms elapsed=61.53s tid=0x00007fc6c11ca800 nid=0x6e03 runnable  

"G1 Main Marker" os_prio=31 cpu=0.84ms elapsed=61.98s tid=0x00007fc6c083b000 nid=0x3003 runnable  

"G1 Conc#0" os_prio=31 cpu=13.29ms elapsed=61.98s tid=0x00007fc6c083c000 nid=0x3a03 runnable  

"G1 Conc#1" os_prio=31 cpu=13.74ms elapsed=61.06s tid=0x00007fc6bfa7b000 nid=0x6a03 runnable  

"G1 Conc#2" os_prio=31 cpu=12.50ms elapsed=61.06s tid=0x00007fc6c600b000 nid=0x6b03 runnable  

"G1 Refine#0" os_prio=31 cpu=1.59ms elapsed=61.98s tid=0x00007fc6c0964800 nid=0x3903 runnable  

"G1 Young RemSet Sampling" os_prio=31 cpu=15.40ms elapsed=61.98s tid=0x00007fc6c0965800 nid=0x3503 runnable  
"StrDedup" os_prio=31 cpu=8.35ms elapsed=61.98s tid=0x00007fc6c100c000 nid=0x3803 runnable  

"VM Periodic Task Thread" os_prio=31 cpu=45.77ms elapsed=61.92s tid=0x00007fc6c106d000 nid=0x5f03 waiting on condition  

JNI global refs: 31, weak refs: 0

